0 info it worked if it ends with ok
1 verbose cli [ 'C:\\Users\\Administrator\\git\\movieBoard\\movieBoard\\node\\node',
1 verbose cli   'C:\\Users\\Administrator\\git\\movieBoard\\movieBoard\\node\\npm\\bin\\npm-cli.js',
1 verbose cli   'install',
1 verbose cli   '--color=false' ]
2 info using npm@2.7.6
3 info using node@v0.12.2
4 verbose node symlink C:\Users\Administrator\git\movieBoard\movieBoard\node\node
5 verbose readDependencies loading dependencies from C:\Users\Administrator\git\movieBoard\movieBoard\package.json
6 error install Couldn't read dependencies
7 verbose stack Error: Failed to parse json
7 verbose stack Unexpected token 'p' at 36:4
7 verbose stack   "private": true
7 verbose stack    ^
7 verbose stack     at parseError (C:\Users\Administrator\git\movieBoard\movieBoard\node\npm\node_modules\read-package-json\read-json.js:379:11)
7 verbose stack     at parseJson (C:\Users\Administrator\git\movieBoard\movieBoard\node\npm\node_modules\read-package-json\read-json.js:68:23)
7 verbose stack     at C:\Users\Administrator\git\movieBoard\movieBoard\node\npm\node_modules\read-package-json\read-json.js:48:5
7 verbose stack     at evalmachine.<anonymous>:334:14
7 verbose stack     at C:\Users\Administrator\git\movieBoard\movieBoard\node\npm\node_modules\graceful-fs\graceful-fs.js:102:5
7 verbose stack     at FSReqWrap.oncomplete (evalmachine.<anonymous>:95:15)
8 verbose cwd C:\Users\Administrator\git\movieBoard\movieBoard
9 error Windows_NT 6.1.7601
10 error argv "C:\\Users\\Administrator\\git\\movieBoard\\movieBoard\\node\\node" "C:\\Users\\Administrator\\git\\movieBoard\\movieBoard\\node\\npm\\bin\\npm-cli.js" "install" "--color=false"
11 error node v0.12.2
12 error npm  v2.7.6
13 error file C:\Users\Administrator\git\movieBoard\movieBoard\package.json
14 error code EJSONPARSE
15 error Failed to parse json
15 error Unexpected token 'p' at 36:4
15 error   "private": true
15 error    ^
16 error File: C:\Users\Administrator\git\movieBoard\movieBoard\package.json
17 error Failed to parse package.json data.
17 error package.json must be actual JSON, not just JavaScript.
17 error
17 error This is not a bug in npm.
17 error Tell the package author to fix their package.json file. JSON.parse
18 verbose exit [ 1, true ]
